2022-11-20 19:37:12 [com.xxl.job.core.thread.JobThread#run]-[130]-[Thread-30] <br>----------- xxl-job job execute start -----------<br>----------- Param:
2022-11-20 19:37:14 [com.xxl.job.core.thread.JobThread#run]-[201]-[Thread-30] <br>----------- JobThread Exception:java.lang.reflect.InvocationTargetException
	at sun.reflect.NativeMethodAccessorImpl.invoke0(Native Method)
	at sun.reflect.NativeMethodAccessorImpl.invoke(NativeMethodAccessorImpl.java:62)
	at sun.reflect.DelegatingMethodAccessorImpl.invoke(DelegatingMethodAccessorImpl.java:43)
	at java.lang.reflect.Method.invoke(Method.java:498)
	at com.xxl.job.core.handler.impl.MethodJobHandler.execute(MethodJobHandler.java:31)
	at com.xxl.job.core.thread.JobThread.run(JobThread.java:163)
Caused by: org.springframework.mail.MailSendException: Failed messages: javax.mail.SendFailedException: Invalid Addresses;
  nested exception is:
	com.sun.mail.smtp.SMTPAddressFailedException: 501 Bad address syntax. http://service.mail.qq.com/cgi-bin/help?subtype=1&&id=20022&&no=1000730
; message exceptions (1) are:
Failed message 1: javax.mail.SendFailedException: Invalid Addresses;
  nested exception is:
	com.sun.mail.smtp.SMTPAddressFailedException: 501 Bad address syntax. http://service.mail.qq.com/cgi-bin/help?subtype=1&&id=20022&&no=1000730

	at org.springframework.mail.javamail.JavaMailSenderImpl.doSend(JavaMailSenderImpl.java:491)
	at org.springframework.mail.javamail.JavaMailSenderImpl.send(JavaMailSenderImpl.java:323)
	at org.springframework.mail.javamail.JavaMailSenderImpl.send(JavaMailSenderImpl.java:312)
	at org.dog.server.emailsend.util.SendMailUtil.sendMail(SendMailUtil.java:47)
	at org.dog.server.emailsend.util.SendMailUtil.send(SendMailUtil.java:53)
	at org.dog.server.emailsend.scheduled.MailSend.sendMail(MailSend.java:24)
	... 6 more
<br>----------- xxl-job job execute end(error) -----------
2022-11-20 19:37:14 [com.xxl.job.core.thread.TriggerCallbackThread#callbackLog]-[197]-[xxl-job, executor TriggerCallbackThread] <br>----------- xxl-job job callback finish.
